<?xml version="1.0" encoding="UTF-8"?>
<testng-results ignored="0" total="1" passed="1" failed="0" skipped="0">
  <reporter-output>
  </reporter-output>
  <suite started-at="2022-11-26T18:43:38 CST" name="Sanity Testing" finished-at="2022-11-26T18:43:38 CST" duration-ms="80">
    <groups>
    </groups>
    <test started-at="2022-11-26T18:43:38 CST" name="Sanity" finished-at="2022-11-26T18:43:38 CST" duration-ms="80">
      <class name="tests.logintest">
        <test-method signature="test1()[pri:0, instance:tests.logintest@70e9c95d]" started-at="2022-11-26T18:43:38 CST" name="test1" finished-at="2022-11-26T18:43:38 CST" duration-ms="13" status="PASS">
          <reporter-output>
          </reporter-output>
        </test-method> <!-- test1 -->
      </class> <!-- tests.logintest -->
    </test> <!-- Sanity -->
  </suite> <!-- Sanity Testing -->
</testng-results>
